<?xml version="1.0" encoding="utf-8"?><testsuites name="pytest tests"><testsuite name="pytest" errors="0" failures="0" skipped="0" tests="28" time="34.277" timestamp="2026-05-19T01:22:53.771417+00:00" hostname="agent-env-4d23df12-3b0b-4a0c-8794-2550553630a7"><testcase classname="backend.tests.test_icebreaker_api.TestHealth" name="test_root_health" time="0.260" /><testcase classname="backend.tests.test_icebreaker_api.TestAuthGuest" name="test_guest_creates_user_with_1_lifetime_call" time="0.119" /><testcase classname="backend.tests.test_icebreaker_api.TestAuthRegister" name="test_register_returns_non_premium_with_1_call" time="0.334" /><testcase classname="backend.tests.test_icebreaker_api.TestAuthRegister" name="test_login_returns_same_user" time="0.400" /><testcase classname="backend.tests.test_icebreaker_api.TestAuthRegister" name="test_duplicate_register_returns_400" time="0.120" /><testcase classname="backend.tests.test_icebreaker_api.TestAuthRegister" name="test_wrong_password_returns_401" time="0.328" /><testcase classname="backend.tests.test_icebreaker_api.TestAuthRegister" name="test_me_post_register" time="0.260" /><testcase classname="backend.tests.test_icebreaker_api.TestQuiz" name="test_quiz_full_answers_sets_onboarding" time="0.251" /><testcase classname="backend.tests.test_icebreaker_api.TestQuiz" name="test_quiz_partial_answers_only_stores_provided" time="0.243" /><testcase classname="backend.tests.test_icebreaker_api.TestQuiz" name="test_quiz_requires_auth" time="0.106" /><testcase classname="backend.tests.test_icebreaker_api.TestQuiz" name="test_quiz_persists_through_me" time="0.339" /><testcase classname="backend.tests.test_icebreaker_api.TestCategoriesLibrary" name="test_categories_endpoint" time="0.110" /><testcase classname="backend.tests.test_icebreaker_api.TestCategoriesLibrary" name="test_library_en_no_auth_required" time="0.109" /><testcase classname="backend.tests.test_icebreaker_api.TestCategoriesLibrary" name="test_library_filter_by_category" time="0.103" /><testcase classname="backend.tests.test_icebreaker_api.TestDaily" name="test_daily_requires_auth" time="0.105" /><testcase classname="backend.tests.test_icebreaker_api.TestDaily" name="test_daily_works_for_guest" time="0.260" /><testcase classname="backend.tests.test_icebreaker_api.TestGenerateLifetimeQuota" name="test_guest_1st_call_succeeds_2nd_returns_402" time="16.395" /><testcase classname="backend.tests.test_icebreaker_api.TestGenerateLifetimeQuota" name="test_generate_appears_in_history" time="11.921" /><testcase classname="backend.tests.test_icebreaker_api.TestFavorites" name="test_favorite_lifecycle" time="0.805" /><testcase classname="backend.tests.test_icebreaker_api.TestCheckoutPlans" name="test_monthly_plan_returns_400" time="0.458" /><testcase classname="backend.tests.test_icebreaker_api.TestCheckoutPlans" name="test_invalid_plan_returns_400" time="0.122" /><testcase classname="backend.tests.test_icebreaker_api.TestCheckoutPlans" name="test_guest_cannot_checkout" time="0.235" /><testcase classname="backend.tests.test_icebreaker_api.TestCheckoutPlans" name="test_weekly_plan_creates_session_or_502" time="0.309" /><testcase classname="backend.tests.test_icebreaker_api.TestCheckoutPlans" name="test_yearly_plan_creates_session_or_502" time="0.147" /><testcase classname="backend.tests.test_icebreaker_api.TestCheckoutPlans" name="test_lifetime_plan_creates_session_or_502" time="0.135" /><testcase classname="backend.tests.test_icebreaker_api.TestPricingConfigShape" name="test_prices_dict_has_only_3_plans" time="0.000" /><testcase classname="backend.tests.test_icebreaker_api.TestNoMongoIdLeaks" name="test_library_no_id_leak" time="0.105" /><testcase classname="backend.tests.test_icebreaker_api.TestNoMongoIdLeaks" name="test_categories_no_id_leak" time="0.124" /></testsuite></testsuites>