<?xml version="1.0" encoding="utf-8"?><testsuites name="pytest tests"><testsuite name="pytest" errors="0" failures="0" skipped="0" tests="30" time="35.537" timestamp="2026-05-19T02:26:14.231117+00:00" hostname="agent-env-4d23df12-3b0b-4a0c-8794-2550553630a7"><testcase classname="backend.tests.test_icebreaker_api.TestHealth" name="test_root_health" time="0.242" /><testcase classname="backend.tests.test_icebreaker_api.TestAuthGuest" name="test_guest_creates_user_with_1_lifetime_call" time="0.213" /><testcase classname="backend.tests.test_icebreaker_api.TestAuthRegister" name="test_register_returns_non_premium_with_1_call" time="0.443" /><testcase classname="backend.tests.test_icebreaker_api.TestAuthRegister" name="test_login_returns_same_user" time="0.439" /><testcase classname="backend.tests.test_icebreaker_api.TestAuthRegister" name="test_duplicate_register_returns_400" time="0.263" /><testcase classname="backend.tests.test_icebreaker_api.TestAuthRegister" name="test_wrong_password_returns_401" time="0.340" /><testcase classname="backend.tests.test_icebreaker_api.TestAuthRegister" name="test_me_post_register" time="0.124" /><testcase classname="backend.tests.test_icebreaker_api.TestQuiz" name="test_quiz_full_answers_sets_onboarding" time="0.259" /><testcase classname="backend.tests.test_icebreaker_api.TestQuiz" name="test_quiz_partial_answers_only_stores_provided" time="0.347" /><testcase classname="backend.tests.test_icebreaker_api.TestQuiz" name="test_quiz_requires_auth" time="0.185" /><testcase classname="backend.tests.test_icebreaker_api.TestQuiz" name="test_quiz_persists_through_me" time="0.494" /><testcase classname="backend.tests.test_icebreaker_api.TestCategoriesLibrary" name="test_categories_endpoint" time="0.117" /><testcase classname="backend.tests.test_icebreaker_api.TestCategoriesLibrary" name="test_library_en_no_auth_required" time="0.125" /><testcase classname="backend.tests.test_icebreaker_api.TestCategoriesLibrary" name="test_library_filter_by_category" time="0.124" /><testcase classname="backend.tests.test_icebreaker_api.TestDaily" name="test_daily_requires_auth" time="0.124" /><testcase classname="backend.tests.test_icebreaker_api.TestDaily" name="test_daily_works_for_guest" time="0.260" /><testcase classname="backend.tests.test_icebreaker_api.TestGenerateLifetimeQuota" name="test_guest_1st_call_succeeds_2nd_returns_402" time="16.215" /><testcase classname="backend.tests.test_icebreaker_api.TestGenerateLifetimeQuota" name="test_generate_appears_in_history" time="11.846" /><testcase classname="backend.tests.test_icebreaker_api.TestFavorites" name="test_favorite_lifecycle" time="0.895" /><testcase classname="backend.tests.test_icebreaker_api.TestCheckoutPlans" name="test_monthly_plan_returns_400" time="0.498" /><testcase classname="backend.tests.test_icebreaker_api.TestCheckoutPlans" name="test_invalid_plan_returns_400" time="0.134" /><testcase classname="backend.tests.test_icebreaker_api.TestCheckoutPlans" name="test_guest_cannot_checkout" time="0.545" /><testcase classname="backend.tests.test_icebreaker_api.TestCheckoutPlans" name="test_weekly_plan_creates_session_or_502" time="0.385" /><testcase classname="backend.tests.test_icebreaker_api.TestCheckoutPlans" name="test_yearly_plan_creates_session_or_502" time="0.158" /><testcase classname="backend.tests.test_icebreaker_api.TestCheckoutPlans" name="test_lifetime_plan_creates_session_or_502" time="0.161" /><testcase classname="backend.tests.test_icebreaker_api.TestCheckoutPlans" name="test_weekly_promo_plan_creates_session_or_502" time="0.154" /><testcase classname="backend.tests.test_icebreaker_api.TestCheckoutPlans" name="test_weekly_promo_guest_blocked" time="0.108" /><testcase classname="backend.tests.test_icebreaker_api.TestPricingConfigShape" name="test_prices_dict_has_expected_plans" time="0.000" /><testcase classname="backend.tests.test_icebreaker_api.TestNoMongoIdLeaks" name="test_library_no_id_leak" time="0.141" /><testcase classname="backend.tests.test_icebreaker_api.TestNoMongoIdLeaks" name="test_categories_no_id_leak" time="0.115" /></testsuite></testsuites>